15:29:34 [main] ERROR com.ipiecoles.java.java350.service.EmployeService .calculPerformanceCommercial    - L'objectif de chiffre d'affaire -5000 ne peut être négatif ou null !
15:29:34 [main] ERROR com.ipiecoles.java.java350.service.EmployeService .calculPerformanceCommercial    - Le matricule C12345 n'existe pas !
15:29:34 [main] ERROR com.ipiecoles.java.java350.service.EmployeService .calculPerformanceCommercial    - Le chiffre d'affaire -1000 ne peut être négatif ou null !
15:29:34 [main] ERROR com.ipiecoles.java.java350.service.EmployeService .calculPerformanceCommercial    - L'objectif de chiffre d'affaire null ne peut être négatif ou null !
15:29:34 [main] INFO  com.ipiecoles.java.java350.service.EmployeService .embaucheEmploye                - Embauche de l'employé Didou Koala diplomé de INGENIEUR en tant que MANAGER avec un taux d'activité de 1.0
15:29:34 [main] ERROR com.ipiecoles.java.java350.service.EmployeService .calculPerformanceCommercial    - Le chiffre d'affaire null ne peut être négatif ou null !
15:29:34 [main] INFO  com.ipiecoles.java.java350.service.EmployeService .embaucheEmploye                - Embauche de l'employé Jean Aurore diplomé de INGENIEUR en tant que MANAGER avec un taux d'activité de 1.0
15:29:34 [main] INFO  com.ipiecoles.java.java350.service.EmployeService .embaucheEmploye                - Embauche de l'employé Jean Aurore diplomé de INGENIEUR en tant que MANAGER avec un taux d'activité de 1.0
15:29:34 [main] INFO  com.ipiecoles.java.java350.service.EmployeService .embaucheEmploye                - Embauche de l'employé Jean Aurore diplomé de INGENIEUR en tant que MANAGER avec un taux d'activité de 1.0
15:29:34 [main] INFO  com.ipiecoles.java.java350.service.EmployeService .embaucheEmploye                - Embauche de l'employé Jean Aurore diplomé de INGENIEUR en tant que MANAGER avec un taux d'activité de 1.0
15:29:34 [main] INFO  com.ipiecoles.java.java350.service.EmployeService .embaucheEmploye                - Embauche de l'employé Jean Aurore diplomé de INGENIEUR en tant que MANAGER avec un taux d'activité de 1.0
15:29:34 [main] ERROR com.ipiecoles.java.java350.service.EmployeService .calculPerformanceCommercial    - Le matricule T12345 ne peut être null et doit commencer par un C !
15:29:34 [main] INFO  com.ipiecoles.java.java350.service.EmployeService .calculPerformanceCommercial    - La performance moyenne 3.0 est nulle
15:29:34 [main] INFO  com.ipiecoles.java.java350.service.EmployeService .embaucheEmploye                - Embauche de l'employé Célère Jacques diplomé de INGENIEUR en tant que MANAGER avec un taux d'activité de 0.5
15:29:35 [main] INFO  c.i.j.j.service.EmployeServiceIntegrationTest     .logStarting                    - Starting EmployeServiceIntegrationTest on BIBEN with PID 9416 (started by IPI in D:\ipi-java-350-ex)
15:29:35 [main] INFO  c.i.j.j.service.EmployeServiceIntegrationTest     .logStartupProfileInfo          - No active profile set, falling back to default profiles: default
15:29:40 [main] INFO  c.i.j.j.service.EmployeServiceIntegrationTest     .logStarted                     - Started EmployeServiceIntegrationTest in 5.196 seconds (JVM running for 9.565)
15:29:40 [main] INFO  com.ipiecoles.java.java350.service.EmployeService .embaucheEmploye                - Embauche de l'employé Jean Aurore diplomé de INGENIEUR en tant que MANAGER avec un taux d'activité de 1.0
15:30:38 [main] ERROR com.ipiecoles.java.java350.service.EmployeService .calculPerformanceCommercial    - L'objectif de chiffre d'affaire -5000 ne peut être négatif ou null !
15:30:38 [main] ERROR com.ipiecoles.java.java350.service.EmployeService .calculPerformanceCommercial    - Le matricule C12345 n'existe pas !
15:30:38 [main] ERROR com.ipiecoles.java.java350.service.EmployeService .calculPerformanceCommercial    - Le chiffre d'affaire -1000 ne peut être négatif ou null !
15:30:38 [main] ERROR com.ipiecoles.java.java350.service.EmployeService .calculPerformanceCommercial    - L'objectif de chiffre d'affaire null ne peut être négatif ou null !
15:30:38 [main] INFO  com.ipiecoles.java.java350.service.EmployeService .embaucheEmploye                - Embauche de l'employé Didou Koala diplomé de INGENIEUR en tant que MANAGER avec un taux d'activité de 1.0
15:30:38 [main] ERROR com.ipiecoles.java.java350.service.EmployeService .calculPerformanceCommercial    - Le chiffre d'affaire null ne peut être négatif ou null !
15:30:38 [main] INFO  com.ipiecoles.java.java350.service.EmployeService .embaucheEmploye                - Embauche de l'employé Jean Aurore diplomé de INGENIEUR en tant que MANAGER avec un taux d'activité de 1.0
15:30:38 [main] INFO  com.ipiecoles.java.java350.service.EmployeService .embaucheEmploye                - Embauche de l'employé Jean Aurore diplomé de INGENIEUR en tant que MANAGER avec un taux d'activité de 1.0
15:30:38 [main] INFO  com.ipiecoles.java.java350.service.EmployeService .embaucheEmploye                - Embauche de l'employé Jean Aurore diplomé de INGENIEUR en tant que MANAGER avec un taux d'activité de 1.0
15:30:38 [main] INFO  com.ipiecoles.java.java350.service.EmployeService .embaucheEmploye                - Embauche de l'employé Jean Aurore diplomé de INGENIEUR en tant que MANAGER avec un taux d'activité de 1.0
15:30:38 [main] INFO  com.ipiecoles.java.java350.service.EmployeService .embaucheEmploye                - Embauche de l'employé Jean Aurore diplomé de INGENIEUR en tant que MANAGER avec un taux d'activité de 1.0
15:30:38 [main] ERROR com.ipiecoles.java.java350.service.EmployeService .calculPerformanceCommercial    - Le matricule T12345 ne peut être null et doit commencer par un C !
15:30:38 [main] INFO  com.ipiecoles.java.java350.service.EmployeService .calculPerformanceCommercial    - La performance moyenne 3.0 est nulle
15:30:38 [main] INFO  com.ipiecoles.java.java350.service.EmployeService .embaucheEmploye                - Embauche de l'employé Célère Jacques diplomé de INGENIEUR en tant que MANAGER avec un taux d'activité de 0.5
15:30:39 [main] INFO  c.i.j.j.service.EmployeServiceIntegrationTest     .logStarting                    - Starting EmployeServiceIntegrationTest on BIBEN with PID 7656 (started by IPI in D:\ipi-java-350-ex)
15:30:39 [main] INFO  c.i.j.j.service.EmployeServiceIntegrationTest     .logStartupProfileInfo          - No active profile set, falling back to default profiles: default
15:30:43 [main] INFO  c.i.j.j.service.EmployeServiceIntegrationTest     .logStarted                     - Started EmployeServiceIntegrationTest in 4.413 seconds (JVM running for 8.314)
15:30:43 [main] INFO  com.ipiecoles.java.java350.service.EmployeService .embaucheEmploye                - Embauche de l'employé Jean Aurore diplomé de INGENIEUR en tant que MANAGER avec un taux d'activité de 1.0
